QuestionMath V2/app/build/intermediates/manifest_merge_blame_file/debug/manifest-merger-blame-debug-report.txt
1<?xml version="1.0" encoding="utf-8"?>
2<manifest xmlns:android="http://schemas.android.com/apk/res/android"
3    package="com.google.firebase.codelab.mlkit"
4    android:versionCode="1"
5    android:versionName="1.0" >
6
7    <uses-sdk
8        android:minSdkVersion="19"
8-->src\main\AndroidManifest.xml
9        android:targetSdkVersion="28" />
9-->src\main\AndroidManifest.xml
10
11    <uses-permission android:name="android.permission.INTERNET" />
11-->src\main\AndroidManifest.xml:5:5-66
11-->src\main\AndroidManifest.xml:5:22-64
12    <uses-permission
12-->src\main\AndroidManifest.xml:6:5-7:38
13        android:name="android.permission.WRITE_EXTERNAL_STORAGE"
13-->src\main\AndroidManifest.xml:6:22-78
14        android:maxSdkVersion="18" />
14-->src\main\AndroidManifest.xml:7:9-35
15    <uses-permission
15-->src\main\AndroidManifest.xml:8:5-9:38
16        android:name="android.permission.READ_EXTERNAL_STORAGE"
16-->src\main\AndroidManifest.xml:8:22-77
17        android:maxSdkVersion="18" />
17-->src\main\AndroidManifest.xml:9:9-35
18
19    <uses-feature
19-->src\main\AndroidManifest.xml:10:5-11:35
20        android:name="android.hardware.camera"
20-->src\main\AndroidManifest.xml:10:19-57
21        android:required="true" />
21-->src\main\AndroidManifest.xml:11:9-32
22
23    <uses-permission android:name="android.permission.CAMERA" />
23-->src\main\AndroidManifest.xml:12:5-13:52
23-->src\main\AndroidManifest.xml:13:9-49
24    <uses-permission android:name="android.permission.ACCESS_NETWORK_STATE" />
24-->[com.google.firebase:firebase-iid:17.0.3] AndroidManifest.xml:22:5-79
24-->[com.google.firebase:firebase-iid:17.0.3] AndroidManifest.xml:22:22-76
25    <uses-permission android:name="android.permission.WAKE_LOCK" /> <!-- Required by older versions of Google Play services to create IID tokens -->
25-->[com.google.firebase:firebase-iid:17.0.3] AndroidManifest.xml:24:5-68
25-->[com.google.firebase:firebase-iid:17.0.3] AndroidManifest.xml:24:22-65
26    <uses-permission android:name="com.google.android.c2dm.permission.RECEIVE" />
26-->[com.google.firebase:firebase-iid:17.0.3] AndroidManifest.xml:26:5-82
26-->[com.google.firebase:firebase-iid:17.0.3] AndroidManifest.xml:26:22-79
27    <uses-permission android:name="android.permission.READ_PHONE_STATE" />
28
29    <application
29-->src\main\AndroidManifest.xml:14:5-41:19
30        android:allowBackup="true"
30-->src\main\AndroidManifest.xml:15:9-35
31        android:appComponentFactory="android.support.v4.app.CoreComponentFactory"
31-->[com.android.support:support-compat:28.0.0] AndroidManifest.xml:22:18-91
32        android:debuggable="true"
33        android:icon="@mipmap/ic_launcher"
33-->src\main\AndroidManifest.xml:16:9-43
34        android:label="@string/app_name"
34-->src\main\AndroidManifest.xml:17:9-41
35        android:roundIcon="@mipmap/ic_launcher_round"
35-->src\main\AndroidManifest.xml:18:9-54
36        android:supportsRtl="true"
36-->src\main\AndroidManifest.xml:19:9-35
37        android:testOnly="true"
38        android:theme="@style/AppTheme" >
38-->src\main\AndroidManifest.xml:20:9-40
39        <provider
39-->src\main\AndroidManifest.xml:22:9-30:20
40            android:name="android.support.v4.content.FileProvider"
40-->src\main\AndroidManifest.xml:23:13-67
41            android:authorities="com.google.firebase.codelab.mlkit.fileprovider"
41-->src\main\AndroidManifest.xml:24:13-81
42            android:exported="false"
42-->src\main\AndroidManifest.xml:25:13-37
43            android:grantUriPermissions="true" >
43-->src\main\AndroidManifest.xml:26:13-47
44            <meta-data
44-->src\main\AndroidManifest.xml:27:13-29:64
45                android:name="android.support.FILE_PROVIDER_PATHS"
45-->src\main\AndroidManifest.xml:28:17-67
46                android:resource="@xml/file_paths" />
46-->src\main\AndroidManifest.xml:29:17-51
47        </provider>
48
49        <activity
49-->src\main\AndroidManifest.xml:32:9-40:20
50            android:name="com.google.firebase.codelab.mlkit.MainActivity"
50-->src\main\AndroidManifest.xml:32:19-47
51            android:configChanges="keyboardHidden|orientation|screenSize"
51-->src\main\AndroidManifest.xml:34:13-74
52            android:screenOrientation="portrait" >
52-->src\main\AndroidManifest.xml:33:13-49
53            <intent-filter>
53-->src\main\AndroidManifest.xml:35:13-39:29
54                <action android:name="android.intent.action.MAIN" />
54-->src\main\AndroidManifest.xml:36:17-69
54-->src\main\AndroidManifest.xml:36:25-66
55
56                <category android:name="android.intent.category.LAUNCHER" />
56-->src\main\AndroidManifest.xml:38:17-77
56-->src\main\AndroidManifest.xml:38:27-74
57            </intent-filter>
58        </activity>
59
60        <service
60-->[com.google.firebase:firebase-iid:17.0.3] AndroidManifest.xml:29:9-35:19
61            android:name="com.google.firebase.components.ComponentDiscoveryService"
61-->[com.google.firebase:firebase-iid:17.0.3] AndroidManifest.xml:30:13-84
62            android:exported="false" >
62-->[com.google.firebase:firebase-iid:17.0.3] AndroidManifest.xml:31:13-37
63            <meta-data
63-->[com.google.firebase:firebase-iid:17.0.3] AndroidManifest.xml:32:13-34:85
64                android:name="com.google.firebase.components:com.google.firebase.iid.Registrar"
64-->[com.google.firebase:firebase-iid:17.0.3] AndroidManifest.xml:33:17-96
65                android:value="com.google.firebase.components.ComponentRegistrar" />
65-->[com.google.firebase:firebase-iid:17.0.3] AndroidManifest.xml:34:17-82
66        </service>
67
68        <receiver
68-->[com.google.firebase:firebase-iid:17.0.3] AndroidManifest.xml:37:9-44:20
69            android:name="com.google.firebase.iid.FirebaseInstanceIdReceiver"
69-->[com.google.firebase:firebase-iid:17.0.3] AndroidManifest.xml:38:13-78
70            android:exported="true"
70-->[com.google.firebase:firebase-iid:17.0.3] AndroidManifest.xml:39:13-36
71            android:permission="com.google.android.c2dm.permission.SEND" >
71-->[com.google.firebase:firebase-iid:17.0.3] AndroidManifest.xml:40:13-73
72            <intent-filter>
72-->[com.google.firebase:firebase-iid:17.0.3] AndroidManifest.xml:41:13-43:29
73                <action android:name="com.google.android.c2dm.intent.RECEIVE" />
73-->[com.google.firebase:firebase-iid:17.0.3] AndroidManifest.xml:42:17-81
73-->[com.google.firebase:firebase-iid:17.0.3] AndroidManifest.xml:42:25-78
74            </intent-filter>
75        </receiver>
76        <!--
77             FirebaseInstanceIdService performs security checks at runtime,
78             no need for explicit permissions despite exported="true"
79        -->
80        <service
80-->[com.google.firebase:firebase-iid:17.0.3] AndroidManifest.xml:50:9-56:19
81            android:name="com.google.firebase.iid.FirebaseInstanceIdService"
81-->[com.google.firebase:firebase-iid:17.0.3] AndroidManifest.xml:51:13-77
82            android:exported="true" >
82-->[com.google.firebase:firebase-iid:17.0.3] AndroidManifest.xml:52:13-36
83            <intent-filter android:priority="-500" >
83-->[com.google.firebase:firebase-iid:17.0.3] AndroidManifest.xml:53:13-55:29
83-->[com.google.firebase:firebase-iid:17.0.3] AndroidManifest.xml:53:28-51
84                <action android:name="com.google.firebase.INSTANCE_ID_EVENT" />
84-->[com.google.firebase:firebase-iid:17.0.3] AndroidManifest.xml:54:17-80
84-->[com.google.firebase:firebase-iid:17.0.3] AndroidManifest.xml:54:25-77
85            </intent-filter>
86        </service>
87
88        <activity
88-->[com.google.android.gms:play-services-base:16.0.1] AndroidManifest.xml:23:9-26:75
89            android:name="com.google.android.gms.common.api.GoogleApiActivity"
89-->[com.google.android.gms:play-services-base:16.0.1] AndroidManifest.xml:24:13-79
90            android:exported="false"
90-->[com.google.android.gms:play-services-base:16.0.1] AndroidManifest.xml:25:13-37
91            android:theme="@android:style/Theme.Translucent.NoTitleBar" />
91-->[com.google.android.gms:play-services-base:16.0.1] AndroidManifest.xml:26:13-72
92
93        <provider
93-->[com.google.firebase:firebase-common:16.0.3] AndroidManifest.xml:10:9-14:39
94            android:name="com.google.firebase.provider.FirebaseInitProvider"
94-->[com.google.firebase:firebase-common:16.0.3] AndroidManifest.xml:11:13-77
95            android:authorities="com.google.firebase.codelab.mlkit.firebaseinitprovider"
95-->[com.google.firebase:firebase-common:16.0.3] AndroidManifest.xml:12:13-72
96            android:exported="false"
96-->[com.google.firebase:firebase-common:16.0.3] AndroidManifest.xml:13:13-37
97            android:initOrder="100" />
97-->[com.google.firebase:firebase-common:16.0.3] AndroidManifest.xml:14:13-36
98
99        <meta-data
99-->[com.google.android.gms:play-services-basement:16.1.0] AndroidManifest.xml:23:9-25:69
100            android:name="com.google.android.gms.version"
100-->[com.google.android.gms:play-services-basement:16.1.0] AndroidManifest.xml:24:13-58
101            android:value="@integer/google_play_services_version" />
101-->[com.google.android.gms:play-services-basement:16.1.0] AndroidManifest.xml:25:13-66
102    </application>
103
104</manifest>